<?xml version="1.0" encoding="utf-8"?><testsuites name="pytest tests"><testsuite name="pytest" errors="0" failures="1" skipped="4" tests="5" time="620.433" timestamp="2026-02-13T15:48:38.057613+02:00" hostname="DESKTOP-VNSG00M"><testcase classname="tests.test_e2e_flow" name="test_ebay_e2e_flow[chromium-shoes_max220]" time="75.607"><skipped type="pytest.skip" message="Cart page blocked by captcha — cannot verify total">c:\Users\Dor\Ebay_Automation_Project\pages\cart_page.py:124: Cart page blocked by captcha — cannot verify total</skipped></testcase><testcase classname="tests.test_e2e_flow" name="test_ebay_e2e_flow[chromium-headphones_max100]" time="115.958"><skipped type="pytest.skip" message="Cart page blocked by captcha — cannot verify total">c:\Users\Dor\Ebay_Automation_Project\pages\cart_page.py:124: Cart page blocked by captcha — cannot verify total</skipped></testcase><testcase classname="tests.test_e2e_flow" name="test_ebay_e2e_flow[chromium-laptop stand_max50]" time="63.109"><skipped type="pytest.skip" message="Cart page blocked by captcha — cannot verify total">c:\Users\Dor\Ebay_Automation_Project\pages\cart_page.py:124: Cart page blocked by captcha — cannot verify total</skipped></testcase><testcase classname="tests.test_e2e_flow" name="test_ebay_e2e_flow[chromium-watch_max150]" time="302.455"><failure message="playwright._impl._errors.TargetClosedError: Page.screenshot: Target page, context or browser has been closed">page = &lt;Page url='https://www.ebay.com/itm/397597302494?_skw=watch&amp;itmmeta=01KHBMEA6RQ8P72NHDPT3CWEQM&amp;hash=item5c92a55ede:g:f...FgKTIit%2BpKRzIdk8AZmbolFk3211%2Fzr8pCqVqwjm%2Fb6k55elr%2FOHDDlbeYghHjA0SqXXUhbj2tU1Ha%2BDgN1j%7Ctkp%3ABk9SR9CjufSKZw'&gt;
config = {'_run_reports_dir': 'c:\\Users\\Dor\\Ebay_Automation_Project\\reports\\20260213_154838', '_run_screenshots_dir': 'c:\...//www.ebay.com', 'browsers': [{'channel': 'chrome', 'name': 'chromium'}, {'name': 'firefox'}, {'name': 'webkit'}], ...}
test_case = {'credentials': {'password': 'test_pass', 'username': 'test_user'}, 'limit': 4, 'max_price': 150, 'query': 'watch'}

    @allure.epic("eBay Automation")
    @allure.feature("E2E Shopping Flow")
    @pytest.mark.e2e
    @pytest.mark.parametrize("test_case", TEST_CASES, ids=[_test_id(tc) for tc in TEST_CASES])
    @pytest.mark.asyncio
    async def test_ebay_e2e_flow(page, config, test_case):
        """
        Full E2E test scenario:
        1. Login (placeholder — graceful failure)
        2. Search items by name with price filter
        3. Add found items to cart
        4. Assert cart total does not exceed budget
        """
        screenshots_dir = config.get("_run_screenshots_dir", "screenshots")
        query = test_case["query"]
        max_price = test_case["max_price"]
        limit = test_case.get("limit", 5)
        credentials = test_case.get("credentials", {})
    
        # ── Step 1: Login (placeholder) ──
        with allure.step("Step 1: Login to eBay"):
            login_page = LoginPage(page, screenshots_dir)
            login_success = await login_page.login(
                username=credentials.get("username", ""),
                password=credentials.get("password", "")
            )
            if not login_success:
                logger.info("Login skipped/failed (captcha/2FA) — continuing as guest")
    
        # ── Step 2: Search with price filter ──
        with allure.step(f"Step 2: Search '{query}' under ${max_price}"):
            search_page = SearchResultsPage(page, screenshots_dir)
            urls = await search_page.search_items_by_name_under_price(
                query=query,
                max_price=max_price,
                limit=limit
            )
            logger.info(f"Found {len(urls)} items for '{query}' under ${max_price}")
    
            # Assertion: search returned at least one qualifying item
            assert len(urls) &gt; 0, (
                f"No items found for query='{query}' under ${max_price}. "
                f"Expected at least 1 item."
            )
            # Assertion: did not exceed the requested limit
            assert len(urls) &lt;= limit, (
                f"Returned {len(urls)} URLs, exceeds requested limit={limit}"
            )
    
        # ── Step 3: Add items to cart ──
        with allure.step(f"Step 3: Add {len(urls)} items to cart"):
&gt;           added_count = await add_items_to_cart(page, urls, screenshots_dir)
                          ^^^^^^^^^^^^^^^^^^^^^^^^^^^^^^^^^^^^^^^^^^^^^^^^^^^^

tests\test_e2e_flow.py:80: 
_ _ _ _ _ _ _ _ _ _ _ _ _ _ _ _ _ _ _ _ _ _ _ _ _ _ _ _ _ _ _ _ _ _ _ _ _ _ _ _
tests\test_e2e_flow.py:140: in add_items_to_cart
    await item_page.take_screenshot(f"item_{i}_error")
core\base_page.py:101: in take_screenshot
    return await capture_screenshot(self.page, name, self.screenshots_dir)
           ^^^^^^^^^^^^^^^^^^^^^^^^^^^^^^^^^^^^^^^^^^^^^^^^^^^^^^^^^^^^^^^
utils\screenshot.py:29: in capture_screenshot
    await page.screenshot(path=filepath, full_page=True)
..\AppData\Roaming\Python\Python313\site-packages\playwright\async_api\_generated.py:9792: in screenshot
    await self._impl_obj.screenshot(
..\AppData\Roaming\Python\Python313\site-packages\playwright\_impl\_page.py:814: in screenshot
    encoded_binary = await self._channel.send(
..\AppData\Roaming\Python\Python313\site-packages\playwright\_impl\_connection.py:69: in send
    return await self._connection.wrap_api_call(
_ _ _ _ _ _ _ _ _ _ _ _ _ _ _ _ _ _ _ _ _ _ _ _ _ _ _ _ _ _ _ _ _ _ _ _ _ _ _ _

self = &lt;playwright._impl._connection.Connection object at 0x000002A62DBCD220&gt;
cb = &lt;function Channel.send.&lt;locals&gt;.&lt;lambda&gt; at 0x000002A62E335620&gt;
is_internal = False, title = None

    async def wrap_api_call(
        self, cb: Callable[[], Any], is_internal: bool = False, title: str = None
    ) -&gt; Any:
        if self._api_zone.get():
            return await cb()
        task = asyncio.current_task(self._loop)
        st: List[inspect.FrameInfo] = getattr(
            task, "__pw_stack__", None
        ) or inspect.stack(0)
    
        parsed_st = _extract_stack_trace_information_from_stack(st, is_internal, title)
        self._api_zone.set(parsed_st)
        try:
            return await cb()
        except Exception as error:
&gt;           raise rewrite_error(error, f"{parsed_st['apiName']}: {error}") from None
E           playwright._impl._errors.TargetClosedError: Page.screenshot: Target page, context or browser has been closed

..\AppData\Roaming\Python\Python313\site-packages\playwright\_impl\_connection.py:559: TargetClosedError</failure></testcase><testcase classname="tests.test_e2e_flow" name="test_ebay_e2e_flow[chromium-backpack_max80]" time="62.971"><skipped type="pytest.skip" message="Cart page blocked by captcha — cannot verify total">c:\Users\Dor\Ebay_Automation_Project\pages\cart_page.py:124: Cart page blocked by captcha — cannot verify total</skipped></testcase></testsuite></testsuites>