<?xml version="1.0" encoding="utf-8"?><testsuites name="pytest tests"><testsuite name="pytest" errors="0" failures="0" skipped="1" tests="1" time="83.090" timestamp="2026-02-13T15:39:00.491319+02:00" hostname="DESKTOP-VNSG00M"><testcase classname="tests.test_e2e_flow" name="test_ebay_e2e_flow[chromium-shoes_max220]" time="83.029"><skipped type="pytest.skip" message="Cart page blocked by captcha — cannot verify total">c:\Users\Dor\Ebay_Automation_Project\pages\cart_page.py:124: Cart page blocked by captcha — cannot verify total</skipped></testcase></testsuite></testsuites>